C:\USERS\Андрей\DOCUMENTS\VISUAL STUDIO 2012\PROJECTS\AIS C++\AIS C++\DEBUG\MAIN.OBJ
C:\USERS\АНДРЕЙ\DOCUMENTS\VISUAL STUDIO 2012\PROJECTS\AIS C++\AIS C++\DEBUG\VC110.PDB
C:\USERS\андрей\DOCUMENTS\VISUAL STUDIO 2012\PROJECTS\AIS C++\DEBUG\AIS C++.ILK
C:\USERS\андрей\DOCUMENTS\VISUAL STUDIO 2012\PROJECTS\AIS C++\DEBUG\AIS C++.EXE
C:\USERS\АНДРЕЙ\DOCUMENTS\VISUAL STUDIO 2012\PROJECTS\AIS C++\DEBUG\AIS C++.PDB
c:\Users\Андрей\documents\visual studio 2012\Projects\AIS C++\AIS C++\Debug\Main.obj
c:\Users\Андрей\documents\visual studio 2012\Projects\AIS C++\AIS C++\Debug\cl.command.1.tlog
c:\Users\Андрей\documents\visual studio 2012\Projects\AIS C++\AIS C++\Debug\CL.read.1.tlog
c:\Users\Андрей\documents\visual studio 2012\Projects\AIS C++\AIS C++\Debug\CL.write.1.tlog
c:\Users\Андрей\documents\visual studio 2012\Projects\AIS C++\AIS C++\Debug\link-cvtres.read.1.tlog
c:\Users\Андрей\documents\visual studio 2012\Projects\AIS C++\AIS C++\Debug\link-cvtres.write.1.tlog
c:\Users\Андрей\documents\visual studio 2012\Projects\AIS C++\AIS C++\Debug\link-rc.read.1.tlog
c:\Users\Андрей\documents\visual studio 2012\Projects\AIS C++\AIS C++\Debug\link-rc.write.1.tlog
c:\Users\Андрей\documents\visual studio 2012\Projects\AIS C++\AIS C++\Debug\link.11548-cvtres.read.1.tlog
c:\Users\Андрей\documents\visual studio 2012\Projects\AIS C++\AIS C++\Debug\link.11548-cvtres.write.1.tlog
c:\Users\Андрей\documents\visual studio 2012\Projects\AIS C++\AIS C++\Debug\link.11548-rc.read.1.tlog
c:\Users\Андрей\documents\visual studio 2012\Projects\AIS C++\AIS C++\Debug\link.11548-rc.write.1.tlog
c:\Users\Андрей\documents\visual studio 2012\Projects\AIS C++\AIS C++\Debug\link.11548.read.1.tlog
c:\Users\Андрей\documents\visual studio 2012\Projects\AIS C++\AIS C++\Debug\link.11548.write.1.tlog
c:\Users\Андрей\documents\visual studio 2012\Projects\AIS C++\AIS C++\Debug\link.7176-cvtres.read.1.tlog
c:\Users\Андрей\documents\visual studio 2012\Projects\AIS C++\AIS C++\Debug\link.7176-cvtres.write.1.tlog
c:\Users\Андрей\documents\visual studio 2012\Projects\AIS C++\AIS C++\Debug\link.7176-rc.read.1.tlog
c:\Users\Андрей\documents\visual studio 2012\Projects\AIS C++\AIS C++\Debug\link.7176-rc.write.1.tlog
c:\Users\Андрей\documents\visual studio 2012\Projects\AIS C++\AIS C++\Debug\link.7176.read.1.tlog
c:\Users\Андрей\documents\visual studio 2012\Projects\AIS C++\AIS C++\Debug\link.7176.write.1.tlog
c:\Users\Андрей\documents\visual studio 2012\Projects\AIS C++\AIS C++\Debug\link.command.1.tlog
c:\Users\Андрей\documents\visual studio 2012\Projects\AIS C++\AIS C++\Debug\link.read.1.tlog
c:\Users\Андрей\documents\visual studio 2012\Projects\AIS C++\AIS C++\Debug\link.write.1.tlog
c:\Users\Андрей\documents\visual studio 2012\Projects\AIS C++\AIS C++\Debug\vc110.idb
c:\Users\Андрей\documents\visual studio 2012\Projects\AIS C++\AIS C++\Debug\vc110.pdb
c:\users\андрей\documents\visual studio 2012\Projects\AIS C++\Debug\AIS C++.pdb
c:\users\андрей\documents\visual studio 2012\Projects\AIS C++\Debug\AIS C++.exe
c:\users\андрей\documents\visual studio 2012\Projects\AIS C++\Debug\AIS C++.ilk
